<?xml version="1.0" encoding="UTF-8"?>
<testng-results total="1" passed="1" failed="0" skipped="0">
  <reporter-output>
  </reporter-output>
  <suite started-at="2021-09-01T01:40:41Z" name="Suite" finished-at="2021-09-01T01:41:01Z" duration-ms="19363">
    <groups>
    </groups>
    <test started-at="2021-09-01T01:40:41Z" name="Test" finished-at="2021-09-01T01:41:01Z" duration-ms="19363">
      <class name="swapTest.newTest">
        <test-method is-config="true" signature="basePageNavigation()[pri:0, instance:swapTest.newTest@934b6cb]" started-at="2021-09-01T02:40:41Z" name="basePageNavigation" finished-at="2021-09-01T02:40:48Z" duration-ms="6429" status="PASS">
          <reporter-output>
          </reporter-output>
        </test-method> <!-- basePageNavigation -->
        <test-method signature="testcase001_validateAttendeeList()[pri:0, instance:swapTest.newTest@934b6cb]" started-at="2021-09-01T02:40:48Z" name="testcase001_validateAttendeeList" finished-at="2021-09-01T02:41:00Z" duration-ms="12739" status="PASS">
          <reporter-output>
          </reporter-output>
        </test-method> <!-- testcase001_validateAttendeeList -->
        <test-method is-config="true" signature="fTeardown()[pri:0, instance:swapTest.newTest@934b6cb]" started-at="2021-09-01T02:41:00Z" name="fTeardown" finished-at="2021-09-01T02:41:01Z" duration-ms="183" status="PASS">
          <reporter-output>
          </reporter-output>
        </test-method> <!-- fTeardown -->
      </class> <!-- swapTest.newTest -->
    </test> <!-- Test -->
  </suite> <!-- Suite -->
</testng-results>
